<?xml version="1.0" encoding="UTF-8"?>
<!-- Generated by org.testng.reporters.JUnitReportReporter -->
<testsuite hostname="VAISHNAVSHEGALE" failures="0" tests="5" name="javaPackage.TestNGDemo4" time="0.037" errors="0" timestamp="2026-01-13T14:51:47 IST" skipped="1">
  <testcase classname="javaPackage.TestNGDemo4" name="c" time="0.006"/>
  <testcase classname="javaPackage.TestNGDemo4" name="d" time="0.014"/>
  <testcase classname="javaPackage.TestNGDemo4" name="f" time="0.010"/>
  <testcase classname="javaPackage.TestNGDemo4" name="d" time="0.007"/>
  <testcase classname="javaPackage.TestNGDemo4" name="b">
    <skipped/>
  </testcase> <!-- b -->
</testsuite> <!-- javaPackage.TestNGDemo4 -->
