<?xml version="1.0" encoding="UTF-8"?>
<!-- Generated by org.testng.reporters.JUnitReportReporter -->
<testsuite hostname="VAISHNAVSHEGALE" failures="0" tests="5" name="javaPackage.TestNGDemo4" time="0.010" errors="0" timestamp="2025-11-12T21:46:08 IST" skipped="1">
  <testcase classname="javaPackage.TestNGDemo4" name="f" time="0.002"/>
  <testcase classname="javaPackage.TestNGDemo4" name="d" time="0.002"/>
  <testcase classname="javaPackage.TestNGDemo4" name="d" time="0.003"/>
  <testcase classname="javaPackage.TestNGDemo4" name="c" time="0.003"/>
  <testcase classname="javaPackage.TestNGDemo4" name="b">
    <skipped/>
  </testcase> <!-- b -->
</testsuite> <!-- javaPackage.TestNGDemo4 -->
