<?xml version="1.0" encoding="UTF-8"?>
<!-- Generated by org.testng.reporters.JUnitReportReporter -->
<testsuite hostname="VAISHNAVSHEGALE" failures="0" tests="4" name="javaPackage.TestNGDemo3" time="0.010" errors="0" timestamp="2025-11-12T21:46:08 IST" skipped="0">
  <testcase classname="javaPackage.TestNGDemo3" name="a" time="0.002"/>
  <testcase classname="javaPackage.TestNGDemo3" name="d" time="0.004"/>
  <testcase classname="javaPackage.TestNGDemo3" name="c" time="0.002"/>
  <testcase classname="javaPackage.TestNGDemo3" name="b" time="0.002"/>
</testsuite> <!-- javaPackage.TestNGDemo3 -->
