<?xml version="1.0" encoding="UTF-8"?>
<!-- Generated by org.testng.reporters.JUnitReportReporter -->
<testsuite hostname="VAISHNAVSHEGALE" failures="0" tests="4" name="javaPackage.TestNGDemo3" time="0.041" errors="0" timestamp="2026-01-13T14:51:47 IST" skipped="0">
  <testcase classname="javaPackage.TestNGDemo3" name="a" time="0.009"/>
  <testcase classname="javaPackage.TestNGDemo3" name="d" time="0.004"/>
  <testcase classname="javaPackage.TestNGDemo3" name="c" time="0.018"/>
  <testcase classname="javaPackage.TestNGDemo3" name="b" time="0.010"/>
</testsuite> <!-- javaPackage.TestNGDemo3 -->
