<?xml version="1.0" encoding="UTF-8"?>
<!-- Generated by org.testng.reporters.JUnitReportReporter -->
<testsuite hostname="VAISHNAVSHEGALE" failures="0" tests="4" name="javaPackage.TestNGDemo2" time="0.010" errors="0" timestamp="2025-11-12T21:46:08 IST" skipped="0">
  <testcase classname="javaPackage.TestNGDemo2" name="j" time="0.003"/>
  <testcase classname="javaPackage.TestNGDemo2" name="z" time="0.002"/>
  <testcase classname="javaPackage.TestNGDemo2" name="p" time="0.003"/>
  <testcase classname="javaPackage.TestNGDemo2" name="m" time="0.002"/>
</testsuite> <!-- javaPackage.TestNGDemo2 -->
