<?xml version="1.0" encoding="UTF-8"?>
<!-- Generated by org.testng.reporters.JUnitReportReporter -->
<testsuite hostname="VAISHNAVSHEGALE" failures="0" tests="3" name="javaPackage.TestNGDemo1" time="0.013" errors="0" timestamp="2025-11-12T21:46:08 IST" skipped="0">
  <testcase classname="javaPackage.TestNGDemo1" name="test1" time="0.006"/>
  <testcase classname="javaPackage.TestNGDemo1" name="test" time="0.004"/>
  <testcase classname="javaPackage.TestNGDemo1" name="test2" time="0.003"/>
</testsuite> <!-- javaPackage.TestNGDemo1 -->
