<?xml version="1.0" encoding="UTF-8"?>
<!-- Generated by org.testng.reporters.JUnitReportReporter -->
<testsuite hostname="VAISHNAVSHEGALE" failures="0" tests="4" name="javaPackage.TestNGDemo7" time="0.015" errors="0" timestamp="2025-11-12T21:46:08 IST" skipped="0">
  <testcase classname="javaPackage.TestNGDemo7" name="b" time="0.003"/>
  <testcase classname="javaPackage.TestNGDemo7" name="a" time="0.005"/>
  <testcase classname="javaPackage.TestNGDemo7" name="c" time="0.004"/>
  <testcase classname="javaPackage.TestNGDemo7" name="d" time="0.003"/>
</testsuite> <!-- javaPackage.TestNGDemo7 -->
