<?xml version="1.0" encoding="UTF-8"?>
<!-- Generated by org.testng.reporters.JUnitReportReporter -->
<testsuite hostname="VAISHNAVSHEGALE" failures="0" tests="3" name="javaPackage.TestNGDemo1" time="0.035" errors="0" timestamp="2026-01-13T14:51:47 IST" skipped="0">
  <testcase classname="javaPackage.TestNGDemo1" name="test" time="0.014"/>
  <testcase classname="javaPackage.TestNGDemo1" name="test1" time="0.012"/>
  <testcase classname="javaPackage.TestNGDemo1" name="test2" time="0.009"/>
</testsuite> <!-- javaPackage.TestNGDemo1 -->
