<?xml version="1.0" encoding="UTF-8"?>
<!-- Generated by org.testng.reporters.JUnitReportReporter -->
<testsuite hostname="VAISHNAVSHEGALE" failures="0" tests="3" name="javaPackage.TestNGDemo5" time="0.004" errors="0" timestamp="2025-11-12T21:46:08 IST" skipped="1">
  <testcase classname="javaPackage.TestNGDemo5" name="c" time="0.002"/>
  <testcase classname="javaPackage.TestNGDemo5" name="a" time="0.002"/>
  <testcase classname="javaPackage.TestNGDemo5" name="b">
    <skipped/>
  </testcase> <!-- b -->
</testsuite> <!-- javaPackage.TestNGDemo5 -->
