<?xml version="1.0" encoding="UTF-8"?>
<!-- Generated by org.testng.reporters.JUnitReportReporter -->
<testsuite hostname="VAISHNAVSHEGALE" failures="0" tests="4" name="javaPackage.TestNGDemo7" time="0.007" errors="0" timestamp="2026-01-13T14:51:47 IST" skipped="0">
  <testcase classname="javaPackage.TestNGDemo7" name="a" time="0.001"/>
  <testcase classname="javaPackage.TestNGDemo7" name="b" time="0.001"/>
  <testcase classname="javaPackage.TestNGDemo7" name="d" time="0.003"/>
  <testcase classname="javaPackage.TestNGDemo7" name="c" time="0.002"/>
</testsuite> <!-- javaPackage.TestNGDemo7 -->
