<?xml version="1.0" encoding="UTF-8"?>
<!-- Generated by org.testng.reporters.JUnitReportReporter -->
<testsuite hostname="VAISHNAVSHEGALE" failures="0" tests="3" name="javaPackage.TestNGDemo8" time="19.740" errors="0" timestamp="2025-11-12T21:46:08 IST" skipped="0">
  <testcase classname="javaPackage.TestNGDemo8" name="enterData" time="6.616"/>
  <testcase classname="javaPackage.TestNGDemo8" name="enterData" time="6.566"/>
  <testcase classname="javaPackage.TestNGDemo8" name="enterData" time="6.558"/>
</testsuite> <!-- javaPackage.TestNGDemo8 -->
