<?xml version="1.0" encoding="UTF-8"?>
<!-- Generated by org.testng.reporters.JUnitReportReporter -->
<testsuite hostname="VAISHNAVSHEGALE" failures="0" tests="4" name="javaPackage.TestNGDemo2" time="0.019" errors="0" timestamp="2026-01-13T14:51:47 IST" skipped="0">
  <testcase classname="javaPackage.TestNGDemo2" name="z" time="0.004"/>
  <testcase classname="javaPackage.TestNGDemo2" name="j" time="0.009"/>
  <testcase classname="javaPackage.TestNGDemo2" name="p" time="0.002"/>
  <testcase classname="javaPackage.TestNGDemo2" name="m" time="0.004"/>
</testsuite> <!-- javaPackage.TestNGDemo2 -->
