<?xml version="1.0" encoding="UTF-8"?>
<!-- Generated by org.testng.reporters.JUnitXMLReporter -->
<testsuite ignored="4" hostname="VAISHNAVSHEGALE" failures="1" tests="4" name="Test(failed)(failed)" time="0.171" errors="0" timestamp="2025-11-07T19:51:57 IST">
  <testcase classname="javaPackage.TestNGDemo4" name="f" time="0.015"/>
  <testcase classname="javaPackage.TestNGDemo6" name="a" time="0.035">
    <failure type="java.lang.AssertionError" message="expected [true] but found [false]">
      <![CDATA[java.lang.AssertionError: expected [true] but found [false]
at javaPackage.TestNGDemo6.a(TestNGDemo6.java:18)
at java.base/java.util.ArrayList.forEach(ArrayList.java:1511)
... Removed 31 stack frames]]>
    </failure>
  </testcase> <!-- a -->
  <testcase classname="javaPackage.TestNGDemo6" name="z" time="0.004"/>
  <testcase classname="javaPackage.TestNGDemo6" name="b" time="0.0">
    <skipped/>
  </testcase> <!-- b -->
  <testcase classname="javaPackage.TestNGDemo4" name="c" time="0.0">
    <ignored/>
  </testcase> <!-- c -->
  <testcase classname="javaPackage.TestNGDemo4" name="b" time="0.0">
    <ignored/>
  </testcase> <!-- b -->
  <testcase classname="javaPackage.TestNGDemo4" name="e" time="0.0">
    <ignored/>
  </testcase> <!-- e -->
  <testcase classname="javaPackage.TestNGDemo4" name="d" time="0.0">
    <ignored/>
  </testcase> <!-- d -->
</testsuite> <!-- Test(failed)(failed) -->
