<?xml version="1.0" encoding="UTF-8"?>
<!-- Generated by org.testng.reporters.JUnitXMLReporter -->
<testsuite ignored="2" hostname="VAISHNAVSHEGALE" failures="6" tests="30" name="Test" time="17.087" errors="0" timestamp="2026-01-13T14:51:46 IST">
  <testcase classname="javaPackage.TestNGDemo8" name="@BeforeClass setEnv" time="1.356">
    <failure type="org.openqa.selenium.SessionNotCreatedException" message="session not created: This version of ChromeDriver only supports Chrome version 141
Current browser version is 143.0.7499.193 with binary path C:\Program Files\Google\Chrome\Application\chrome.exe
Build info: version: &amp;apos;3.141.59&amp;apos;, revision: &amp;apos;e82be7d358&amp;apos;, time: &amp;apos;2018-11-14T08:25:48&amp;apos;
System info: host: &amp;apos;VAISHNAVSHEGALE&amp;apos;, ip: &amp;apos;192.168.160.1&amp;apos;, os.name: &amp;apos;Windows 11&amp;apos;, os.arch: &amp;apos;amd64&amp;apos;, os.version: &amp;apos;10.0&amp;apos;, java.version: &amp;apos;17.0.14&amp;apos;
Driver info: driver.version: ChromeDriver
remote stacktrace: 	GetHandleVerifier [0x0x7ff783e5e9e5+80021]
	GetHandleVerifier [0x0x7ff783e5ea40+80112]
	(No symbol) [0x0x7ff783be060f]
	(No symbol) [0x0x7ff783c25f99]
	(No symbol) [0x0x7ff783c24d6c]
	(No symbol) [0x0x7ff783c1eca4]
	(No symbol) [0x0x7ff783c1a2d7]
	(No symbol) [0x0x7ff783c6f040]
	(No symbol) [0x0x7ff783c6e7b0]
	(No symbol) [0x0x7ff783c61003]
	(No symbol) [0x0x7ff783c295d1]
	(No symbol) [0x0x7ff783c2a3f3]
	GetHandleVerifier [0x0x7ff78411dd8d+2960445]
	GetHandleVerifier [0x0x7ff78411804a+2936570]
	GetHandleVerifier [0x0x7ff784138a87+3070263]
	GetHandleVerifier [0x0x7ff783e784ce+185214]
	GetHandleVerifier [0x0x7ff783e7ff1f+216527]
	GetHandleVerifier [0x0x7ff783e67c24+117460]
	GetHandleVerifier [0x0x7ff783e67ddf+117903]
	GetHandleVerifier [0x0x7ff783e4dcb8+11112]
	BaseThreadInitThunk [0x0x7ffdb39fe8d7+23]
	RtlUserThreadStart [0x0x7ffdb4ccc53c+44]
">
      <![CDATA[org.openqa.selenium.SessionNotCreatedException: session not created: This version of ChromeDriver only supports Chrome version 141
Current browser version is 143.0.7499.193 with binary path C:\Program Files\Google\Chrome\Application\chrome.exe
Build info: version: '3.141.59', revision: 'e82be7d358', time: '2018-11-14T08:25:48'
System info: host: 'VAISHNAVSHEGALE', ip: '192.168.160.1', os.name: 'Windows 11', os.arch: 'amd64', os.version: '10.0', java.version: '17.0.14'
Driver info: driver.version: ChromeDriver
remote stacktrace: GetHandleVerifier [0x0x7ff783e5e9e5+80021]
GetHandleVerifier [0x0x7ff783e5ea40+80112]
(No symbol) [0x0x7ff783be060f]
(No symbol) [0x0x7ff783c25f99]
(No symbol) [0x0x7ff783c24d6c]
(No symbol) [0x0x7ff783c1eca4]
(No symbol) [0x0x7ff783c1a2d7]
(No symbol) [0x0x7ff783c6f040]
(No symbol) [0x0x7ff783c6e7b0]
(No symbol) [0x0x7ff783c61003]
(No symbol) [0x0x7ff783c295d1]
(No symbol) [0x0x7ff783c2a3f3]
GetHandleVerifier [0x0x7ff78411dd8d+2960445]
GetHandleVerifier [0x0x7ff78411804a+2936570]
GetHandleVerifier [0x0x7ff784138a87+3070263]
GetHandleVerifier [0x0x7ff783e784ce+185214]
GetHandleVerifier [0x0x7ff783e7ff1f+216527]
GetHandleVerifier [0x0x7ff783e67c24+117460]
GetHandleVerifier [0x0x7ff783e67ddf+117903]
GetHandleVerifier [0x0x7ff783e4dcb8+11112]
BaseThreadInitThunk [0x0x7ffdb39fe8d7+23]
RtlUserThreadStart [0x0x7ffdb4ccc53c+44]

at org.openqa.selenium.remote.W3CHandshakeResponse.lambda$errorHandler$0(W3CHandshakeResponse.java:62)
at org.openqa.selenium.remote.HandshakeResponse.lambda$getResponseFunction$0(HandshakeResponse.java:30)
at org.openqa.selenium.remote.ProtocolHandshake.lambda$createSession$0(ProtocolHandshake.java:126)
at java.base/java.util.stream.ReferencePipeline$3$1.accept(ReferencePipeline.java:197)
at java.base/java.util.Spliterators$ArraySpliterator.tryAdvance(Spliterators.java:1002)
at java.base/java.util.stream.ReferencePipeline.forEachWithCancel(ReferencePipeline.java:129)
at java.base/java.util.stream.AbstractPipeline.copyIntoWithCancel(AbstractPipeline.java:527)
at java.base/java.util.stream.AbstractPipeline.copyInto(AbstractPipeline.java:513)
at java.base/java.util.stream.AbstractPipeline.wrapAndCopyInto(AbstractPipeline.java:499)
at java.base/java.util.stream.FindOps$FindOp.evaluateSequential(FindOps.java:150)
at java.base/java.util.stream.AbstractPipeline.evaluate(AbstractPipeline.java:234)
at java.base/java.util.stream.ReferencePipeline.findFirst(ReferencePipeline.java:647)
at org.openqa.selenium.remote.ProtocolHandshake.createSession(ProtocolHandshake.java:128)
at org.openqa.selenium.remote.ProtocolHandshake.createSession(ProtocolHandshake.java:74)
at org.openqa.selenium.remote.HttpCommandExecutor.execute(HttpCommandExecutor.java:136)
at org.openqa.selenium.remote.service.DriverCommandExecutor.execute(DriverCommandExecutor.java:83)
at org.openqa.selenium.remote.RemoteWebDriver.execute(RemoteWebDriver.java:552)
at org.openqa.selenium.remote.RemoteWebDriver.startSession(RemoteWebDriver.java:213)
at org.openqa.selenium.remote.RemoteWebDriver.<init>(RemoteWebDriver.java:131)
at org.openqa.selenium.chrome.ChromeDriver.<init>(ChromeDriver.java:181)
at org.openqa.selenium.chrome.ChromeDriver.<init>(ChromeDriver.java:168)
at org.openqa.selenium.chrome.ChromeDriver.<init>(ChromeDriver.java:123)
at javaPackage.TestNGDemo8.setEnv(TestNGDemo8.java:22)
at java.base/java.util.ArrayList.forEach(ArrayList.java:1511)
... Removed 30 stack frames]]>
    </failure>
  </testcase> <!-- @BeforeClass setEnv -->
  <testcase classname="javaPackage.TakeScreenShotOnFailure2" name="@AfterMethod captureSs" time="0.005">
    <failure type="java.lang.NullPointerException" message="Cannot invoke &amp;quot;org.openqa.selenium.TakesScreenshot.getScreenshotAs(org.openqa.selenium.OutputType)&amp;quot; because &amp;quot;ts&amp;quot; is null">
      <![CDATA[java.lang.NullPointerException: Cannot invoke "org.openqa.selenium.TakesScreenshot.getScreenshotAs(org.openqa.selenium.OutputType)" because "ts" is null
at javaPackage.TakeScreenShotOnFailure1.captureScreenShot(TakeScreenShotOnFailure1.java:25)
at javaPackage.TakeScreenShotOnFailure2.captureSs(TakeScreenShotOnFailure2.java:27)
at java.base/java.util.ArrayList.forEach(ArrayList.java:1511)
... Removed 32 stack frames]]>
    </failure>
  </testcase> <!-- @AfterMethod captureSs -->
  <testcase classname="javaPackage.AssertionDemo1" name="TestCase1" time="3.985">
    <failure type="org.openqa.selenium.SessionNotCreatedException" message="session not created: This version of ChromeDriver only supports Chrome version 141
Current browser version is 143.0.7499.193 with binary path C:\Program Files\Google\Chrome\Application\chrome.exe
Build info: version: &amp;apos;3.141.59&amp;apos;, revision: &amp;apos;e82be7d358&amp;apos;, time: &amp;apos;2018-11-14T08:25:48&amp;apos;
System info: host: &amp;apos;VAISHNAVSHEGALE&amp;apos;, ip: &amp;apos;192.168.160.1&amp;apos;, os.name: &amp;apos;Windows 11&amp;apos;, os.arch: &amp;apos;amd64&amp;apos;, os.version: &amp;apos;10.0&amp;apos;, java.version: &amp;apos;17.0.14&amp;apos;
Driver info: driver.version: ChromeDriver
remote stacktrace: 	GetHandleVerifier [0x0x7ff783e5e9e5+80021]
	GetHandleVerifier [0x0x7ff783e5ea40+80112]
	(No symbol) [0x0x7ff783be060f]
	(No symbol) [0x0x7ff783c25f99]
	(No symbol) [0x0x7ff783c24d6c]
	(No symbol) [0x0x7ff783c1eca4]
	(No symbol) [0x0x7ff783c1a2d7]
	(No symbol) [0x0x7ff783c6f040]
	(No symbol) [0x0x7ff783c6e7b0]
	(No symbol) [0x0x7ff783c61003]
	(No symbol) [0x0x7ff783c295d1]
	(No symbol) [0x0x7ff783c2a3f3]
	GetHandleVerifier [0x0x7ff78411dd8d+2960445]
	GetHandleVerifier [0x0x7ff78411804a+2936570]
	GetHandleVerifier [0x0x7ff784138a87+3070263]
	GetHandleVerifier [0x0x7ff783e784ce+185214]
	GetHandleVerifier [0x0x7ff783e7ff1f+216527]
	GetHandleVerifier [0x0x7ff783e67c24+117460]
	GetHandleVerifier [0x0x7ff783e67ddf+117903]
	GetHandleVerifier [0x0x7ff783e4dcb8+11112]
	BaseThreadInitThunk [0x0x7ffdb39fe8d7+23]
	RtlUserThreadStart [0x0x7ffdb4ccc53c+44]
">
      <![CDATA[org.openqa.selenium.SessionNotCreatedException: session not created: This version of ChromeDriver only supports Chrome version 141
Current browser version is 143.0.7499.193 with binary path C:\Program Files\Google\Chrome\Application\chrome.exe
Build info: version: '3.141.59', revision: 'e82be7d358', time: '2018-11-14T08:25:48'
System info: host: 'VAISHNAVSHEGALE', ip: '192.168.160.1', os.name: 'Windows 11', os.arch: 'amd64', os.version: '10.0', java.version: '17.0.14'
Driver info: driver.version: ChromeDriver
remote stacktrace: GetHandleVerifier [0x0x7ff783e5e9e5+80021]
GetHandleVerifier [0x0x7ff783e5ea40+80112]
(No symbol) [0x0x7ff783be060f]
(No symbol) [0x0x7ff783c25f99]
(No symbol) [0x0x7ff783c24d6c]
(No symbol) [0x0x7ff783c1eca4]
(No symbol) [0x0x7ff783c1a2d7]
(No symbol) [0x0x7ff783c6f040]
(No symbol) [0x0x7ff783c6e7b0]
(No symbol) [0x0x7ff783c61003]
(No symbol) [0x0x7ff783c295d1]
(No symbol) [0x0x7ff783c2a3f3]
GetHandleVerifier [0x0x7ff78411dd8d+2960445]
GetHandleVerifier [0x0x7ff78411804a+2936570]
GetHandleVerifier [0x0x7ff784138a87+3070263]
GetHandleVerifier [0x0x7ff783e784ce+185214]
GetHandleVerifier [0x0x7ff783e7ff1f+216527]
GetHandleVerifier [0x0x7ff783e67c24+117460]
GetHandleVerifier [0x0x7ff783e67ddf+117903]
GetHandleVerifier [0x0x7ff783e4dcb8+11112]
BaseThreadInitThunk [0x0x7ffdb39fe8d7+23]
RtlUserThreadStart [0x0x7ffdb4ccc53c+44]

at org.openqa.selenium.remote.W3CHandshakeResponse.lambda$errorHandler$0(W3CHandshakeResponse.java:62)
at org.openqa.selenium.remote.HandshakeResponse.lambda$getResponseFunction$0(HandshakeResponse.java:30)
at org.openqa.selenium.remote.ProtocolHandshake.lambda$createSession$0(ProtocolHandshake.java:126)
at java.base/java.util.stream.ReferencePipeline$3$1.accept(ReferencePipeline.java:197)
at java.base/java.util.Spliterators$ArraySpliterator.tryAdvance(Spliterators.java:1002)
at java.base/java.util.stream.ReferencePipeline.forEachWithCancel(ReferencePipeline.java:129)
at java.base/java.util.stream.AbstractPipeline.copyIntoWithCancel(AbstractPipeline.java:527)
at java.base/java.util.stream.AbstractPipeline.copyInto(AbstractPipeline.java:513)
at java.base/java.util.stream.AbstractPipeline.wrapAndCopyInto(AbstractPipeline.java:499)
at java.base/java.util.stream.FindOps$FindOp.evaluateSequential(FindOps.java:150)
at java.base/java.util.stream.AbstractPipeline.evaluate(AbstractPipeline.java:234)
at java.base/java.util.stream.ReferencePipeline.findFirst(ReferencePipeline.java:647)
at org.openqa.selenium.remote.ProtocolHandshake.createSession(ProtocolHandshake.java:128)
at org.openqa.selenium.remote.ProtocolHandshake.createSession(ProtocolHandshake.java:74)
at org.openqa.selenium.remote.HttpCommandExecutor.execute(HttpCommandExecutor.java:136)
at org.openqa.selenium.remote.service.DriverCommandExecutor.execute(DriverCommandExecutor.java:83)
at org.openqa.selenium.remote.RemoteWebDriver.execute(RemoteWebDriver.java:552)
at org.openqa.selenium.remote.RemoteWebDriver.startSession(RemoteWebDriver.java:213)
at org.openqa.selenium.remote.RemoteWebDriver.<init>(RemoteWebDriver.java:131)
at org.openqa.selenium.chrome.ChromeDriver.<init>(ChromeDriver.java:181)
at org.openqa.selenium.chrome.ChromeDriver.<init>(ChromeDriver.java:168)
at org.openqa.selenium.chrome.ChromeDriver.<init>(ChromeDriver.java:123)
at javaPackage.AssertionDemo1.TestCase1(AssertionDemo1.java:20)
at java.base/java.util.ArrayList.forEach(ArrayList.java:1511)
... Removed 32 stack frames]]>
    </failure>
  </testcase> <!-- TestCase1 -->
  <testcase classname="javaPackage.TestNGDemo8" name="enterData" time="0.0">
    <failure type="java.lang.RuntimeException" message="java.io.FileNotFoundException: E:\Testing_Course_by_Shammi_jha\javaWorkspace\Selenium_java_testing\Repository\testdata.properties (The system cannot find the path specified)">
      <![CDATA[java.lang.RuntimeException: java.io.FileNotFoundException: E:\Testing_Course_by_Shammi_jha\javaWorkspace\Selenium_java_testing\Repository\testdata.properties (The system cannot find the path specified)
at java.base/java.util.ArrayList.forEach(ArrayList.java:1511)
Caused by: java.io.FileNotFoundException: E:\Testing_Course_by_Shammi_jha\javaWorkspace\Selenium_java_testing\Repository\testdata.properties (The system cannot find the path specified)
at java.base/java.io.FileInputStream.open0(Native Method)
at java.base/java.io.FileInputStream.open(FileInputStream.java:216)
at java.base/java.io.FileInputStream.<init>(FileInputStream.java:157)
at javaPackage.TestNGDemo8.dataset(TestNGDemo8.java:34)
... 25 more
... Removed 32 stack frames]]>
    </failure>
  </testcase> <!-- enterData -->
  <testcase classname="javaPackage.SeleniumGridDemo1" name="login" time="0.032">
    <failure type="org.openqa.selenium.remote.UnreachableBrowserException" message="Could not start a new session. Possible causes are invalid address of the remote server or browser start-up failure.
Build info: version: &amp;apos;3.141.59&amp;apos;, revision: &amp;apos;e82be7d358&amp;apos;, time: &amp;apos;2018-11-14T08:25:48&amp;apos;
System info: host: &amp;apos;VAISHNAVSHEGALE&amp;apos;, ip: &amp;apos;192.168.160.1&amp;apos;, os.name: &amp;apos;Windows 11&amp;apos;, os.arch: &amp;apos;amd64&amp;apos;, os.version: &amp;apos;10.0&amp;apos;, java.version: &amp;apos;17.0.14&amp;apos;
Driver info: driver.version: RemoteWebDriver">
      <![CDATA[org.openqa.selenium.remote.UnreachableBrowserException: Could not start a new session. Possible causes are invalid address of the remote server or browser start-up failure.
Build info: version: '3.141.59', revision: 'e82be7d358', time: '2018-11-14T08:25:48'
System info: host: 'VAISHNAVSHEGALE', ip: '192.168.160.1', os.name: 'Windows 11', os.arch: 'amd64', os.version: '10.0', java.version: '17.0.14'
Driver info: driver.version: RemoteWebDriver
at org.openqa.selenium.remote.RemoteWebDriver.execute(RemoteWebDriver.java:573)
at org.openqa.selenium.remote.RemoteWebDriver.startSession(RemoteWebDriver.java:213)
at org.openqa.selenium.remote.RemoteWebDriver.<init>(RemoteWebDriver.java:131)
at org.openqa.selenium.remote.RemoteWebDriver.<init>(RemoteWebDriver.java:144)
at javaPackage.SeleniumGridDemo1.login(SeleniumGridDemo1.java:49)
at java.base/java.util.concurrent.ThreadPoolExecutor.runWorker(ThreadPoolExecutor.java:1136)
at java.base/java.util.concurrent.ThreadPoolExecutor$Worker.run(ThreadPoolExecutor.java:635)
at java.base/java.lang.Thread.run(Thread.java:840)
Caused by: java.net.ConnectException: Failed to connect to localhost/[0:0:0:0:0:0:0:1]:4444
at okhttp3.internal.connection.RealConnection.connectSocket(RealConnection.java:247)
at okhttp3.internal.connection.RealConnection.connect(RealConnection.java:165)
at okhttp3.internal.connection.StreamAllocation.findConnection(StreamAllocation.java:257)
at okhttp3.internal.connection.StreamAllocation.findHealthyConnection(StreamAllocation.java:135)
at okhttp3.internal.connection.StreamAllocation.newStream(StreamAllocation.java:114)
at okhttp3.internal.connection.ConnectInterceptor.intercept(ConnectInterceptor.java:42)
at okhttp3.internal.http.RealInterceptorChain.proceed(RealInterceptorChain.java:147)
at okhttp3.internal.http.RealInterceptorChain.proceed(RealInterceptorChain.java:121)
at okhttp3.internal.cache.CacheInterceptor.intercept(CacheInterceptor.java:93)
at okhttp3.internal.http.RealInterceptorChain.proceed(RealInterceptorChain.java:147)
at okhttp3.internal.http.RealInterceptorChain.proceed(RealInterceptorChain.java:121)
at okhttp3.internal.http.BridgeInterceptor.intercept(BridgeInterceptor.java:93)
at okhttp3.internal.http.RealInterceptorChain.proceed(RealInterceptorChain.java:147)
at okhttp3.internal.http.RetryAndFollowUpInterceptor.intercept(RetryAndFollowUpInterceptor.java:126)
at okhttp3.internal.http.RealInterceptorChain.proceed(RealInterceptorChain.java:147)
at okhttp3.internal.http.RealInterceptorChain.proceed(RealInterceptorChain.java:121)
at okhttp3.RealCall.getResponseWithInterceptorChain(RealCall.java:200)
at okhttp3.RealCall.execute(RealCall.java:77)
at org.openqa.selenium.remote.internal.OkHttpClient.execute(OkHttpClient.java:103)
at org.openqa.selenium.remote.ProtocolHandshake.createSession(ProtocolHandshake.java:105)
at org.openqa.selenium.remote.ProtocolHandshake.createSession(ProtocolHandshake.java:74)
at org.openqa.selenium.remote.HttpCommandExecutor.execute(HttpCommandExecutor.java:136)
at org.openqa.selenium.remote.RemoteWebDriver.execute(RemoteWebDriver.java:552)
... 16 more
Caused by: java.net.ConnectException: Connection refused: getsockopt
at java.base/sun.nio.ch.Net.pollConnect(Native Method)
at java.base/sun.nio.ch.Net.pollConnectNow(Net.java:672)
at java.base/sun.nio.ch.NioSocketImpl.timedFinishConnect(NioSocketImpl.java:547)
at java.base/sun.nio.ch.NioSocketImpl.connect(NioSocketImpl.java:602)
at java.base/java.net.SocksSocketImpl.connect(SocksSocketImpl.java:327)
at java.base/java.net.Socket.connect(Socket.java:633)
at okhttp3.internal.platform.Platform.connectSocket(Platform.java:129)
at okhttp3.internal.connection.RealConnection.connectSocket(RealConnection.java:245)
... 38 more
... Removed 9 stack frames]]>
    </failure>
  </testcase> <!-- login -->
  <testcase classname="javaPackage.SeleniumGridDemo1" name="login" time="0.052">
    <failure type="org.openqa.selenium.remote.UnreachableBrowserException" message="Could not start a new session. Possible causes are invalid address of the remote server or browser start-up failure.
Build info: version: &amp;apos;3.141.59&amp;apos;, revision: &amp;apos;e82be7d358&amp;apos;, time: &amp;apos;2018-11-14T08:25:48&amp;apos;
System info: host: &amp;apos;VAISHNAVSHEGALE&amp;apos;, ip: &amp;apos;192.168.160.1&amp;apos;, os.name: &amp;apos;Windows 11&amp;apos;, os.arch: &amp;apos;amd64&amp;apos;, os.version: &amp;apos;10.0&amp;apos;, java.version: &amp;apos;17.0.14&amp;apos;
Driver info: driver.version: RemoteWebDriver">
      <![CDATA[org.openqa.selenium.remote.UnreachableBrowserException: Could not start a new session. Possible causes are invalid address of the remote server or browser start-up failure.
Build info: version: '3.141.59', revision: 'e82be7d358', time: '2018-11-14T08:25:48'
System info: host: 'VAISHNAVSHEGALE', ip: '192.168.160.1', os.name: 'Windows 11', os.arch: 'amd64', os.version: '10.0', java.version: '17.0.14'
Driver info: driver.version: RemoteWebDriver
at org.openqa.selenium.remote.RemoteWebDriver.execute(RemoteWebDriver.java:573)
at org.openqa.selenium.remote.RemoteWebDriver.startSession(RemoteWebDriver.java:213)
at org.openqa.selenium.remote.RemoteWebDriver.<init>(RemoteWebDriver.java:131)
at org.openqa.selenium.remote.RemoteWebDriver.<init>(RemoteWebDriver.java:144)
at javaPackage.SeleniumGridDemo1.login(SeleniumGridDemo1.java:49)
at java.base/java.util.concurrent.ThreadPoolExecutor.runWorker(ThreadPoolExecutor.java:1136)
at java.base/java.util.concurrent.ThreadPoolExecutor$Worker.run(ThreadPoolExecutor.java:635)
at java.base/java.lang.Thread.run(Thread.java:840)
Caused by: java.net.ConnectException: Failed to connect to localhost/[0:0:0:0:0:0:0:1]:4444
at okhttp3.internal.connection.RealConnection.connectSocket(RealConnection.java:247)
at okhttp3.internal.connection.RealConnection.connect(RealConnection.java:165)
at okhttp3.internal.connection.StreamAllocation.findConnection(StreamAllocation.java:257)
at okhttp3.internal.connection.StreamAllocation.findHealthyConnection(StreamAllocation.java:135)
at okhttp3.internal.connection.StreamAllocation.newStream(StreamAllocation.java:114)
at okhttp3.internal.connection.ConnectInterceptor.intercept(ConnectInterceptor.java:42)
at okhttp3.internal.http.RealInterceptorChain.proceed(RealInterceptorChain.java:147)
at okhttp3.internal.http.RealInterceptorChain.proceed(RealInterceptorChain.java:121)
at okhttp3.internal.cache.CacheInterceptor.intercept(CacheInterceptor.java:93)
at okhttp3.internal.http.RealInterceptorChain.proceed(RealInterceptorChain.java:147)
at okhttp3.internal.http.RealInterceptorChain.proceed(RealInterceptorChain.java:121)
at okhttp3.internal.http.BridgeInterceptor.intercept(BridgeInterceptor.java:93)
at okhttp3.internal.http.RealInterceptorChain.proceed(RealInterceptorChain.java:147)
at okhttp3.internal.http.RetryAndFollowUpInterceptor.intercept(RetryAndFollowUpInterceptor.java:126)
at okhttp3.internal.http.RealInterceptorChain.proceed(RealInterceptorChain.java:147)
at okhttp3.internal.http.RealInterceptorChain.proceed(RealInterceptorChain.java:121)
at okhttp3.RealCall.getResponseWithInterceptorChain(RealCall.java:200)
at okhttp3.RealCall.execute(RealCall.java:77)
at org.openqa.selenium.remote.internal.OkHttpClient.execute(OkHttpClient.java:103)
at org.openqa.selenium.remote.ProtocolHandshake.createSession(ProtocolHandshake.java:105)
at org.openqa.selenium.remote.ProtocolHandshake.createSession(ProtocolHandshake.java:74)
at org.openqa.selenium.remote.HttpCommandExecutor.execute(HttpCommandExecutor.java:136)
at org.openqa.selenium.remote.RemoteWebDriver.execute(RemoteWebDriver.java:552)
... 16 more
Caused by: java.net.ConnectException: Connection refused: getsockopt
at java.base/sun.nio.ch.Net.pollConnect(Native Method)
at java.base/sun.nio.ch.Net.pollConnectNow(Net.java:672)
at java.base/sun.nio.ch.NioSocketImpl.timedFinishConnect(NioSocketImpl.java:547)
at java.base/sun.nio.ch.NioSocketImpl.connect(NioSocketImpl.java:602)
at java.base/java.net.SocksSocketImpl.connect(SocksSocketImpl.java:327)
at java.base/java.net.Socket.connect(Socket.java:633)
at okhttp3.internal.platform.Platform.connectSocket(Platform.java:129)
at okhttp3.internal.connection.RealConnection.connectSocket(RealConnection.java:245)
... 38 more
... Removed 9 stack frames]]>
    </failure>
  </testcase> <!-- login -->
  <testcase classname="javaPackage.TakeScreenShotOnFailure2" name="doLogin" time="2.297">
    <failure type="org.openqa.selenium.SessionNotCreatedException" message="session not created: This version of ChromeDriver only supports Chrome version 141
Current browser version is 143.0.7499.193 with binary path C:\Program Files\Google\Chrome\Application\chrome.exe
Build info: version: &amp;apos;3.141.59&amp;apos;, revision: &amp;apos;e82be7d358&amp;apos;, time: &amp;apos;2018-11-14T08:25:48&amp;apos;
System info: host: &amp;apos;VAISHNAVSHEGALE&amp;apos;, ip: &amp;apos;192.168.160.1&amp;apos;, os.name: &amp;apos;Windows 11&amp;apos;, os.arch: &amp;apos;amd64&amp;apos;, os.version: &amp;apos;10.0&amp;apos;, java.version: &amp;apos;17.0.14&amp;apos;
Driver info: driver.version: ChromeDriver
remote stacktrace: 	GetHandleVerifier [0x0x7ff783e5e9e5+80021]
	GetHandleVerifier [0x0x7ff783e5ea40+80112]
	(No symbol) [0x0x7ff783be060f]
	(No symbol) [0x0x7ff783c25f99]
	(No symbol) [0x0x7ff783c24d6c]
	(No symbol) [0x0x7ff783c1eca4]
	(No symbol) [0x0x7ff783c1a2d7]
	(No symbol) [0x0x7ff783c6f040]
	(No symbol) [0x0x7ff783c6e7b0]
	(No symbol) [0x0x7ff783c61003]
	(No symbol) [0x0x7ff783c295d1]
	(No symbol) [0x0x7ff783c2a3f3]
	GetHandleVerifier [0x0x7ff78411dd8d+2960445]
	GetHandleVerifier [0x0x7ff78411804a+2936570]
	GetHandleVerifier [0x0x7ff784138a87+3070263]
	GetHandleVerifier [0x0x7ff783e784ce+185214]
	GetHandleVerifier [0x0x7ff783e7ff1f+216527]
	GetHandleVerifier [0x0x7ff783e67c24+117460]
	GetHandleVerifier [0x0x7ff783e67ddf+117903]
	GetHandleVerifier [0x0x7ff783e4dcb8+11112]
	BaseThreadInitThunk [0x0x7ffdb39fe8d7+23]
	RtlUserThreadStart [0x0x7ffdb4ccc53c+44]
">
      <![CDATA[org.openqa.selenium.SessionNotCreatedException: session not created: This version of ChromeDriver only supports Chrome version 141
Current browser version is 143.0.7499.193 with binary path C:\Program Files\Google\Chrome\Application\chrome.exe
Build info: version: '3.141.59', revision: 'e82be7d358', time: '2018-11-14T08:25:48'
System info: host: 'VAISHNAVSHEGALE', ip: '192.168.160.1', os.name: 'Windows 11', os.arch: 'amd64', os.version: '10.0', java.version: '17.0.14'
Driver info: driver.version: ChromeDriver
remote stacktrace: GetHandleVerifier [0x0x7ff783e5e9e5+80021]
GetHandleVerifier [0x0x7ff783e5ea40+80112]
(No symbol) [0x0x7ff783be060f]
(No symbol) [0x0x7ff783c25f99]
(No symbol) [0x0x7ff783c24d6c]
(No symbol) [0x0x7ff783c1eca4]
(No symbol) [0x0x7ff783c1a2d7]
(No symbol) [0x0x7ff783c6f040]
(No symbol) [0x0x7ff783c6e7b0]
(No symbol) [0x0x7ff783c61003]
(No symbol) [0x0x7ff783c295d1]
(No symbol) [0x0x7ff783c2a3f3]
GetHandleVerifier [0x0x7ff78411dd8d+2960445]
GetHandleVerifier [0x0x7ff78411804a+2936570]
GetHandleVerifier [0x0x7ff784138a87+3070263]
GetHandleVerifier [0x0x7ff783e784ce+185214]
GetHandleVerifier [0x0x7ff783e7ff1f+216527]
GetHandleVerifier [0x0x7ff783e67c24+117460]
GetHandleVerifier [0x0x7ff783e67ddf+117903]
GetHandleVerifier [0x0x7ff783e4dcb8+11112]
BaseThreadInitThunk [0x0x7ffdb39fe8d7+23]
RtlUserThreadStart [0x0x7ffdb4ccc53c+44]

at org.openqa.selenium.remote.W3CHandshakeResponse.lambda$errorHandler$0(W3CHandshakeResponse.java:62)
at org.openqa.selenium.remote.HandshakeResponse.lambda$getResponseFunction$0(HandshakeResponse.java:30)
at org.openqa.selenium.remote.ProtocolHandshake.lambda$createSession$0(ProtocolHandshake.java:126)
at java.base/java.util.stream.ReferencePipeline$3$1.accept(ReferencePipeline.java:197)
at java.base/java.util.Spliterators$ArraySpliterator.tryAdvance(Spliterators.java:1002)
at java.base/java.util.stream.ReferencePipeline.forEachWithCancel(ReferencePipeline.java:129)
at java.base/java.util.stream.AbstractPipeline.copyIntoWithCancel(AbstractPipeline.java:527)
at java.base/java.util.stream.AbstractPipeline.copyInto(AbstractPipeline.java:513)
at java.base/java.util.stream.AbstractPipeline.wrapAndCopyInto(AbstractPipeline.java:499)
at java.base/java.util.stream.FindOps$FindOp.evaluateSequential(FindOps.java:150)
at java.base/java.util.stream.AbstractPipeline.evaluate(AbstractPipeline.java:234)
at java.base/java.util.stream.ReferencePipeline.findFirst(ReferencePipeline.java:647)
at org.openqa.selenium.remote.ProtocolHandshake.createSession(ProtocolHandshake.java:128)
at org.openqa.selenium.remote.ProtocolHandshake.createSession(ProtocolHandshake.java:74)
at org.openqa.selenium.remote.HttpCommandExecutor.execute(HttpCommandExecutor.java:136)
at org.openqa.selenium.remote.service.DriverCommandExecutor.execute(DriverCommandExecutor.java:83)
at org.openqa.selenium.remote.RemoteWebDriver.execute(RemoteWebDriver.java:552)
at org.openqa.selenium.remote.RemoteWebDriver.startSession(RemoteWebDriver.java:213)
at org.openqa.selenium.remote.RemoteWebDriver.<init>(RemoteWebDriver.java:131)
at org.openqa.selenium.chrome.ChromeDriver.<init>(ChromeDriver.java:181)
at org.openqa.selenium.chrome.ChromeDriver.<init>(ChromeDriver.java:168)
at org.openqa.selenium.chrome.ChromeDriver.<init>(ChromeDriver.java:123)
at javaPackage.TakeScreenShotOnFailure2.doLogin(TakeScreenShotOnFailure2.java:18)
at java.base/java.util.ArrayList.forEach(ArrayList.java:1511)
... Removed 32 stack frames]]>
    </failure>
  </testcase> <!-- doLogin -->
  <testcase classname="javaPackage.TestNGDemo7" name="a" time="0.001"/>
  <testcase classname="javaPackage.TestNGDemo7" name="b" time="0.001"/>
  <testcase classname="javaPackage.TestNGDemo7" name="c" time="0.002"/>
  <testcase classname="javaPackage.TestNGDemo7" name="d" time="0.003"/>
  <testcase classname="com.facebook.tests.LoginTest" name="loginTest" time="8.715"/>
  <testcase classname="javaPackage.TestNGDemo6" name="a" time="0.037">
    <failure type="java.lang.AssertionError" message="expected [true] but found [false]">
      <![CDATA[java.lang.AssertionError: expected [true] but found [false]
at javaPackage.TestNGDemo6.a(TestNGDemo6.java:18)
at java.base/java.util.ArrayList.forEach(ArrayList.java:1511)
... Removed 31 stack frames]]>
    </failure>
  </testcase> <!-- a -->
  <testcase classname="javaPackage.TestNGDemo6" name="z" time="0.012"/>
  <testcase classname="javaPackage.TestNGDemo6" name="b" time="0.001">
    <skipped/>
  </testcase> <!-- b -->
  <testcase classname="javaPackage.TestNGDemo5" name="a" time="0.004"/>
  <testcase classname="javaPackage.TestNGDemo5" name="c" time="0.008"/>
  <testcase classname="javaPackage.TestNGDemo4" name="c" time="0.006"/>
  <testcase classname="javaPackage.TestNGDemo4" name="d" time="0.007"/>
  <testcase classname="javaPackage.TestNGDemo4" name="d" time="0.014"/>
  <testcase classname="javaPackage.TestNGDemo4" name="f" time="0.01"/>
  <testcase classname="javaPackage.TestNGDemo3" name="a" time="0.009"/>
  <testcase classname="javaPackage.TestNGDemo3" name="c" time="0.018"/>
  <testcase classname="javaPackage.TestNGDemo3" name="d" time="0.004"/>
  <testcase classname="javaPackage.TestNGDemo3" name="b" time="0.01"/>
  <testcase classname="javaPackage.TestNGDemo2" name="j" time="0.009"/>
  <testcase classname="javaPackage.TestNGDemo2" name="z" time="0.004"/>
  <testcase classname="javaPackage.TestNGDemo2" name="m" time="0.004"/>
  <testcase classname="javaPackage.TestNGDemo2" name="p" time="0.002"/>
  <testcase classname="javaPackage.TestNGDemo1" name="test" time="0.004"/>
  <testcase classname="javaPackage.TestNGDemo1" name="test1" time="0.007"/>
  <testcase classname="javaPackage.TestNGDemo1" name="test2" time="0.0"/>
  <testcase classname="javaPackage.TestNGDemo4" name="b" time="0.0">
    <ignored/>
  </testcase> <!-- b -->
  <testcase classname="javaPackage.TestNGDemo5" name="b" time="0.0">
    <ignored/>
  </testcase> <!-- b -->
</testsuite> <!-- Test -->
