<html>
<head>
<title>TestNG:  Test</title>
<link href="../testng.css" rel="stylesheet" type="text/css" />
<link href="../my-testng.css" rel="stylesheet" type="text/css" />

<style type="text/css">
.log { display: none;} 
.stack-trace { display: none;} 
</style>
<script type="text/javascript">
<!--
function flip(e) {
  current = e.style.display;
  if (current == 'block') {
    e.style.display = 'none';
    return 0;
  }
  else {
    e.style.display = 'block';
    return 1;
  }
}

function toggleBox(szDivId, elem, msg1, msg2)
{
  var res = -1;  if (document.getElementById) {
    res = flip(document.getElementById(szDivId));
  }
  else if (document.all) {
    // this is the way old msie versions work
    res = flip(document.all[szDivId]);
  }
  if(elem) {
    if(res == 0) elem.innerHTML = msg1; else elem.innerHTML = msg2;
  }

}

function toggleAllBoxes() {
  if (document.getElementsByTagName) {
    d = document.getElementsByTagName('div');
    for (i = 0; i < d.length; i++) {
      if (d[i].className == 'log') {
        flip(d[i]);
      }
    }
  }
}

// -->
</script>

</head>
<body>
<h2 align='center'>Test</h2><table border='1' align="center">
<tr>
<td>Tests passed/Failed/Skipped:</td><td>26/2/1</td>
</tr><tr>
<td>Started on:</td><td>Wed Nov 12 21:45:34 IST 2025</td>
</tr>
<tr><td>Total time:</td><td>32 seconds (32680 ms)</td>
</tr><tr>
<td>Included groups:</td><td></td>
</tr><tr>
<td>Excluded groups:</td><td></td>
</tr>
</table><p/>
<small><i>(Hover the method name to see the test class name)</i></small><p/>
<table width='100%' border='1' class='invocation-failed'>
<tr><td colspan='4' align='center'><b>FAILED TESTS</b></td></tr>
<tr><td><b>Test method</b></td>
<td><b>Attribute(s)</b></td>
<td width="30%"><b>Exception</b></td>
<td width="10%"><b>Time (seconds)</b></td>
<td><b>Instance</b></td>
</tr>
<tr>
<td title='javaPackage.TakeScreenShotOnFailure2.doLogin()'><b>doLogin</b><br>Test class: javaPackage.TakeScreenShotOnFailure2</td>
<td><div><pre>org.openqa.selenium.NoSuchElementException: no such element: Unable to locate element: {&quot;method&quot;:&quot;css selector&quot;,&quot;selector&quot;:&quot;#wrong\-email&quot;}
  (Session info: chrome=142.0.7444.60)
For documentation on this error, please visit: https://www.seleniumhq.org/exceptions/no_such_element.html
Build info: version: &apos;3.141.59&apos;, revision: &apos;e82be7d358&apos;, time: &apos;2018-11-14T08:25:48&apos;
System info: host: &apos;VAISHNAVSHEGALE&apos;, ip: &apos;192.168.160.1&apos;, os.name: &apos;Windows 11&apos;, os.arch: &apos;amd64&apos;, os.version: &apos;10.0&apos;, java.version: &apos;17.0.14&apos;
Driver info: org.openqa.selenium.chrome.ChromeDriver
Capabilities {acceptInsecureCerts: false, browserName: chrome, browserVersion: 142.0.7444.60, chrome: {chromedriverVersion: 141.0.7390.78 (2b53b0e231fc..., userDataDir: C:\Users\VAISHN~1\AppData\L...}, fedcm:accounts: true, goog:chromeOptions: {debuggerAddress: localhost:57879}, javascriptEnabled: true, networkConnectionEnabled: false, pageLoadStrategy: normal, platform: WINDOWS, platformName: WINDOWS, proxy: Proxy(), setWindowRect: true, strictFileInteractability: false, timeouts: {implicit: 0, pageLoad: 300000, script: 30000}, unhandledPromptBehavior: dismiss and notify, webauthn:extension:credBlob: true, webauthn:extension:largeBlob: true, webauthn:extension:minPinLength: true, webauthn:extension:prf: true, webauthn:virtualAuthenticators: true}
Session ID: c6a9e593ef13be6deeb8d3a4f1064b2b
*** Element info: {Using=id, value=wrong-email}
	at org.openqa.selenium.remote.http.W3CHttpResponseCodec.createException(W3CHttpResponseCodec.java:187)
	at org.openqa.selenium.remote.http.W3CHttpResponseCodec.decode(W3CHttpResponseCodec.java:122)
	at org.openqa.selenium.remote.http.W3CHttpResponseCodec.decode(W3CHttpResponseCodec.java:49)
	at org.openqa.selenium.remote.HttpCommandExecutor.execute(HttpCommandExecutor.java:158)
	at org.openqa.selenium.remote.service.DriverCommandExecutor.execute(DriverCommandExecutor.java:83)
	at org.openqa.selenium.remote.RemoteWebDriver.execute(RemoteWebDriver.java:552)
	at org.openqa.selenium.remote.RemoteWebDriver.findElement(RemoteWebDriver.java:323)
	at org.openqa.selenium.remote.RemoteWebDriver.findElementById(RemoteWebDriver.java:372)
	at org.openqa.selenium.By$ById.findElement(By.java:188)
	at org.openqa.selenium.remote.RemoteWebDriver.findElement(RemoteWebDriver.java:315)
	at javaPackage.TakeScreenShotOnFailure2.doLogin(TakeScreenShotOnFailure2.java:21)
	at java.base/java.util.ArrayList.forEach(ArrayList.java:1511)
... Removed 32 stack frames</pre></div><a href='#' onClick='toggleBox("stack-trace1406004470", this, "Click to show all stack frames", "Click to hide stack frames")'>Click to show all stack frames</a>
<div class='stack-trace' id='stack-trace1406004470'><pre>org.openqa.selenium.NoSuchElementException: no such element: Unable to locate element: {&quot;method&quot;:&quot;css selector&quot;,&quot;selector&quot;:&quot;#wrong\-email&quot;}
  (Session info: chrome=142.0.7444.60)
For documentation on this error, please visit: https://www.seleniumhq.org/exceptions/no_such_element.html
Build info: version: &apos;3.141.59&apos;, revision: &apos;e82be7d358&apos;, time: &apos;2018-11-14T08:25:48&apos;
System info: host: &apos;VAISHNAVSHEGALE&apos;, ip: &apos;192.168.160.1&apos;, os.name: &apos;Windows 11&apos;, os.arch: &apos;amd64&apos;, os.version: &apos;10.0&apos;, java.version: &apos;17.0.14&apos;
Driver info: org.openqa.selenium.chrome.ChromeDriver
Capabilities {acceptInsecureCerts: false, browserName: chrome, browserVersion: 142.0.7444.60, chrome: {chromedriverVersion: 141.0.7390.78 (2b53b0e231fc..., userDataDir: C:\Users\VAISHN~1\AppData\L...}, fedcm:accounts: true, goog:chromeOptions: {debuggerAddress: localhost:57879}, javascriptEnabled: true, networkConnectionEnabled: false, pageLoadStrategy: normal, platform: WINDOWS, platformName: WINDOWS, proxy: Proxy(), setWindowRect: true, strictFileInteractability: false, timeouts: {implicit: 0, pageLoad: 300000, script: 30000}, unhandledPromptBehavior: dismiss and notify, webauthn:extension:credBlob: true, webauthn:extension:largeBlob: true, webauthn:extension:minPinLength: true, webauthn:extension:prf: true, webauthn:virtualAuthenticators: true}
Session ID: c6a9e593ef13be6deeb8d3a4f1064b2b
*** Element info: {Using=id, value=wrong-email}
	at java.base/jdk.internal.reflect.NativeConstructorAccessorImpl.newInstance0(Native Method)
	at java.base/jdk.internal.reflect.NativeConstructorAccessorImpl.newInstance(NativeConstructorAccessorImpl.java:77)
	at java.base/jdk.internal.reflect.DelegatingConstructorAccessorImpl.newInstance(DelegatingConstructorAccessorImpl.java:45)
	at java.base/java.lang.reflect.Constructor.newInstanceWithCaller(Constructor.java:500)
	at java.base/java.lang.reflect.Constructor.newInstance(Constructor.java:481)
	at org.openqa.selenium.remote.http.W3CHttpResponseCodec.createException(W3CHttpResponseCodec.java:187)
	at org.openqa.selenium.remote.http.W3CHttpResponseCodec.decode(W3CHttpResponseCodec.java:122)
	at org.openqa.selenium.remote.http.W3CHttpResponseCodec.decode(W3CHttpResponseCodec.java:49)
	at org.openqa.selenium.remote.HttpCommandExecutor.execute(HttpCommandExecutor.java:158)
	at org.openqa.selenium.remote.service.DriverCommandExecutor.execute(DriverCommandExecutor.java:83)
	at org.openqa.selenium.remote.RemoteWebDriver.execute(RemoteWebDriver.java:552)
	at org.openqa.selenium.remote.RemoteWebDriver.findElement(RemoteWebDriver.java:323)
	at org.openqa.selenium.remote.RemoteWebDriver.findElementById(RemoteWebDriver.java:372)
	at org.openqa.selenium.By$ById.findElement(By.java:188)
	at org.openqa.selenium.remote.RemoteWebDriver.findElement(RemoteWebDriver.java:315)
	at javaPackage.TakeScreenShotOnFailure2.doLogin(TakeScreenShotOnFailure2.java:21)
	at java.base/jdk.internal.reflect.NativeMethodAccessorImpl.invoke0(Native Method)
	at java.base/jdk.internal.reflect.NativeMethodAccessorImpl.invoke(NativeMethodAccessorImpl.java:77)
	at java.base/jdk.internal.reflect.DelegatingMethodAccessorImpl.invoke(DelegatingMethodAccessorImpl.java:43)
	at java.base/java.lang.reflect.Method.invoke(Method.java:569)
	at org.testng.internal.invokers.MethodInvocationHelper.invokeMethod(MethodInvocationHelper.java:141)
	at org.testng.internal.invokers.TestInvoker.invokeMethod(TestInvoker.java:687)
	at org.testng.internal.invokers.TestInvoker.invokeTestMethod(TestInvoker.java:230)
	at org.testng.internal.invokers.MethodRunner.runInSequence(MethodRunner.java:63)
	at org.testng.internal.invokers.TestInvoker$MethodInvocationAgent.invoke(TestInvoker.java:995)
	at org.testng.internal.invokers.TestInvoker.invokeTestMethods(TestInvoker.java:203)
	at org.testng.internal.invokers.TestMethodWorker.invokeTestMethods(TestMethodWorker.java:154)
	at org.testng.internal.invokers.TestMethodWorker.run(TestMethodWorker.java:134)
	at java.base/java.util.ArrayList.forEach(ArrayList.java:1511)
	at org.testng.TestRunner.privateRun(TestRunner.java:741)
	at org.testng.TestRunner.run(TestRunner.java:616)
	at org.testng.SuiteRunner.runTest(SuiteRunner.java:421)
	at org.testng.SuiteRunner.runSequentially(SuiteRunner.java:413)
	at org.testng.SuiteRunner.privateRun(SuiteRunner.java:373)
	at org.testng.SuiteRunner.run(SuiteRunner.java:312)
	at org.testng.SuiteRunnerWorker.runSuite(SuiteRunnerWorker.java:52)
	at org.testng.SuiteRunnerWorker.run(SuiteRunnerWorker.java:95)
	at org.testng.TestNG.runSuitesSequentially(TestNG.java:1274)
	at org.testng.TestNG.runSuitesLocally(TestNG.java:1208)
	at org.testng.TestNG.runSuites(TestNG.java:1112)
	at org.testng.TestNG.run(TestNG.java:1079)
	at org.testng.remote.AbstractRemoteTestNG.run(AbstractRemoteTestNG.java:115)
	at org.testng.remote.RemoteTestNG.initAndRun(RemoteTestNG.java:293)
	at org.testng.remote.RemoteTestNG.main(RemoteTestNG.java:91)
</pre></div></td>
<td>5</td>
<td>javaPackage.TakeScreenShotOnFailure2@2aceadd4</td></tr>
<tr>
<td title='javaPackage.TestNGDemo6.a()'><b>a</b><br>Test class: javaPackage.TestNGDemo6</td>
<td><div><pre>java.lang.AssertionError: expected [true] but found [false]
	at javaPackage.TestNGDemo6.a(TestNGDemo6.java:18)
	at java.base/java.util.ArrayList.forEach(ArrayList.java:1511)
... Removed 31 stack frames</pre></div><a href='#' onClick='toggleBox("stack-trace939475028", this, "Click to show all stack frames", "Click to hide stack frames")'>Click to show all stack frames</a>
<div class='stack-trace' id='stack-trace939475028'><pre>java.lang.AssertionError: expected [true] but found [false]
	at org.testng.Assert.fail(Assert.java:111)
	at org.testng.Assert.failNotEquals(Assert.java:1590)
	at org.testng.Assert.assertTrue(Assert.java:57)
	at org.testng.Assert.assertTrue(Assert.java:67)
	at javaPackage.TestNGDemo6.a(TestNGDemo6.java:18)
	at java.base/jdk.internal.reflect.NativeMethodAccessorImpl.invoke0(Native Method)
	at java.base/jdk.internal.reflect.NativeMethodAccessorImpl.invoke(NativeMethodAccessorImpl.java:77)
	at java.base/jdk.internal.reflect.DelegatingMethodAccessorImpl.invoke(DelegatingMethodAccessorImpl.java:43)
	at java.base/java.lang.reflect.Method.invoke(Method.java:569)
	at org.testng.internal.invokers.MethodInvocationHelper.invokeMethod(MethodInvocationHelper.java:141)
	at org.testng.internal.invokers.TestInvoker.invokeMethod(TestInvoker.java:687)
	at org.testng.internal.invokers.TestInvoker.invokeTestMethod(TestInvoker.java:230)
	at org.testng.internal.invokers.MethodRunner.runInSequence(MethodRunner.java:63)
	at org.testng.internal.invokers.TestInvoker$MethodInvocationAgent.invoke(TestInvoker.java:995)
	at org.testng.internal.invokers.TestInvoker.invokeTestMethods(TestInvoker.java:203)
	at org.testng.internal.invokers.TestMethodWorker.invokeTestMethods(TestMethodWorker.java:154)
	at org.testng.internal.invokers.TestMethodWorker.run(TestMethodWorker.java:134)
	at java.base/java.util.ArrayList.forEach(ArrayList.java:1511)
	at org.testng.TestRunner.privateRun(TestRunner.java:741)
	at org.testng.TestRunner.run(TestRunner.java:616)
	at org.testng.SuiteRunner.runTest(SuiteRunner.java:421)
	at org.testng.SuiteRunner.runSequentially(SuiteRunner.java:413)
	at org.testng.SuiteRunner.privateRun(SuiteRunner.java:373)
	at org.testng.SuiteRunner.run(SuiteRunner.java:312)
	at org.testng.SuiteRunnerWorker.runSuite(SuiteRunnerWorker.java:52)
	at org.testng.SuiteRunnerWorker.run(SuiteRunnerWorker.java:95)
	at org.testng.TestNG.runSuitesSequentially(TestNG.java:1274)
	at org.testng.TestNG.runSuitesLocally(TestNG.java:1208)
	at org.testng.TestNG.runSuites(TestNG.java:1112)
	at org.testng.TestNG.run(TestNG.java:1079)
	at org.testng.remote.AbstractRemoteTestNG.run(AbstractRemoteTestNG.java:115)
	at org.testng.remote.RemoteTestNG.initAndRun(RemoteTestNG.java:293)
	at org.testng.remote.RemoteTestNG.main(RemoteTestNG.java:91)
</pre></div></td>
<td>0</td>
<td>javaPackage.TestNGDemo6@2a5c8d3f</td></tr>
</table><p>
<table width='100%' border='1' class='invocation-passed'>
<tr><td colspan='4' align='center'><b>PASSED TESTS</b></td></tr>
<tr><td><b>Test method</b></td>
<td><b>Attribute(s)</b></td>
<td width="30%"><b>Exception</b></td>
<td width="10%"><b>Time (seconds)</b></td>
<td><b>Instance</b></td>
</tr>
<tr>
<td title='javaPackage.TestNGDemo2.j()'><b>j</b><br>Test class: javaPackage.TestNGDemo2</td>
<td></td>
<td>0</td>
<td>javaPackage.TestNGDemo2@45c7e403</td></tr>
<tr>
<td title='javaPackage.TestNGDemo3.a()'><b>a</b><br>Test class: javaPackage.TestNGDemo3</td>
<td></td>
<td>0</td>
<td>javaPackage.TestNGDemo3@b3ca52e</td></tr>
<tr>
<td title='javaPackage.TestNGDemo2.z()'><b>z</b><br>Test class: javaPackage.TestNGDemo2</td>
<td></td>
<td>0</td>
<td>javaPackage.TestNGDemo2@45c7e403</td></tr>
<tr>
<td title='javaPackage.TestNGDemo7.a()'><b>a</b><br>Test class: javaPackage.TestNGDemo7</td>
<td></td>
<td>0</td>
<td>javaPackage.TestNGDemo7@7a8c8dcf</td></tr>
<tr>
<td title='javaPackage.TestNGDemo5.a()'><b>a</b><br>Test class: javaPackage.TestNGDemo5</td>
<td></td>
<td>0</td>
<td>javaPackage.TestNGDemo5@752325ad</td></tr>
<tr>
<td title='javaPackage.TestNGDemo1.test2()'><b>test2</b><br>Test class: javaPackage.TestNGDemo1</td>
<td></td>
<td>0</td>
<td>javaPackage.TestNGDemo1@6ad82709</td></tr>
<tr>
<td title='javaPackage.TestNGDemo6.z()'><b>z</b><br>Test class: javaPackage.TestNGDemo6</td>
<td></td>
<td>0</td>
<td>javaPackage.TestNGDemo6@2a5c8d3f</td></tr>
<tr>
<td title='javaPackage.TestNGDemo8.enterData()'><b>enterData</b><br>Test class: javaPackage.TestNGDemo8<br>Parameters: abcd@gmail.com, abcd@1234</td>
<td></td>
<td>6</td>
<td>javaPackage.TestNGDemo8@5dda768f</td></tr>
<tr>
<td title='javaPackage.TestNGDemo2.m()'><b>m</b><br>Test class: javaPackage.TestNGDemo2</td>
<td></td>
<td>0</td>
<td>javaPackage.TestNGDemo2@45c7e403</td></tr>
<tr>
<td title='javaPackage.AssertionDemo1.TestCase1()'><b>TestCase1</b><br>Test class: javaPackage.AssertionDemo1</td>
<td></td>
<td>3</td>
<td>javaPackage.AssertionDemo1@6150c3ec</td></tr>
<tr>
<td title='javaPackage.TestNGDemo4.f()'><b>f</b><br>Test class: javaPackage.TestNGDemo4</td>
<td></td>
<td>0</td>
<td>javaPackage.TestNGDemo4@279fedbd</td></tr>
<tr>
<td title='javaPackage.TestNGDemo1.test1()'><b>test1</b><br>Test class: javaPackage.TestNGDemo1</td>
<td></td>
<td>0</td>
<td>javaPackage.TestNGDemo1@6ad82709</td></tr>
<tr>
<td title='javaPackage.TestNGDemo4.d()'><b>d</b><br>Test class: javaPackage.TestNGDemo4</td>
<td></td>
<td>0</td>
<td>javaPackage.TestNGDemo4@279fedbd</td></tr>
<tr>
<td title='javaPackage.TestNGDemo8.enterData()'><b>enterData</b><br>Test class: javaPackage.TestNGDemo8<br>Parameters: testData1, testData2</td>
<td></td>
<td>6</td>
<td>javaPackage.TestNGDemo8@5dda768f</td></tr>
<tr>
<td title='javaPackage.TestNGDemo7.d()'><b>d</b><br>Test class: javaPackage.TestNGDemo7</td>
<td></td>
<td>0</td>
<td>javaPackage.TestNGDemo7@7a8c8dcf</td></tr>
<tr>
<td title='javaPackage.TestNGDemo4.d()'><b>d</b><br>Test class: javaPackage.TestNGDemo4</td>
<td></td>
<td>0</td>
<td>javaPackage.TestNGDemo4@279fedbd</td></tr>
<tr>
<td title='javaPackage.TestNGDemo7.b()'><b>b</b><br>Test class: javaPackage.TestNGDemo7</td>
<td></td>
<td>0</td>
<td>javaPackage.TestNGDemo7@7a8c8dcf</td></tr>
<tr>
<td title='javaPackage.TestNGDemo5.c()'><b>c</b><br>Test class: javaPackage.TestNGDemo5</td>
<td></td>
<td>0</td>
<td>javaPackage.TestNGDemo5@752325ad</td></tr>
<tr>
<td title='javaPackage.TestNGDemo2.p()'><b>p</b><br>Test class: javaPackage.TestNGDemo2</td>
<td></td>
<td>0</td>
<td>javaPackage.TestNGDemo2@45c7e403</td></tr>
<tr>
<td title='javaPackage.TestNGDemo8.enterData()'><b>enterData</b><br>Test class: javaPackage.TestNGDemo8<br>Parameters: testData1, testData2</td>
<td></td>
<td>6</td>
<td>javaPackage.TestNGDemo8@5dda768f</td></tr>
<tr>
<td title='javaPackage.TestNGDemo3.b()'><b>b</b><br>Test class: javaPackage.TestNGDemo3</td>
<td></td>
<td>0</td>
<td>javaPackage.TestNGDemo3@b3ca52e</td></tr>
<tr>
<td title='javaPackage.TestNGDemo7.c()'><b>c</b><br>Test class: javaPackage.TestNGDemo7</td>
<td></td>
<td>0</td>
<td>javaPackage.TestNGDemo7@7a8c8dcf</td></tr>
<tr>
<td title='javaPackage.TestNGDemo1.test()'><b>test</b><br>Test class: javaPackage.TestNGDemo1</td>
<td></td>
<td>0</td>
<td>javaPackage.TestNGDemo1@6ad82709</td></tr>
<tr>
<td title='javaPackage.TestNGDemo3.d()'><b>d</b><br>Test class: javaPackage.TestNGDemo3</td>
<td></td>
<td>0</td>
<td>javaPackage.TestNGDemo3@b3ca52e</td></tr>
<tr>
<td title='javaPackage.TestNGDemo4.c()'><b>c</b><br>Test class: javaPackage.TestNGDemo4</td>
<td></td>
<td>0</td>
<td>javaPackage.TestNGDemo4@279fedbd</td></tr>
<tr>
<td title='javaPackage.TestNGDemo3.c()'><b>c</b><br>Test class: javaPackage.TestNGDemo3</td>
<td></td>
<td>0</td>
<td>javaPackage.TestNGDemo3@b3ca52e</td></tr>
</table><p>
<table width='100%' border='1' class='invocation-skipped'>
<tr><td colspan='4' align='center'><b>SKIPPED TESTS</b></td></tr>
<tr><td><b>Test method</b></td>
<td><b>Attribute(s)</b></td>
<td width="30%"><b>Exception</b></td>
<td width="10%"><b>Time (seconds)</b></td>
<td><b>Instance</b></td>
</tr>
<tr>
<td title='javaPackage.TestNGDemo6.b()'><b>b</b><br>Test class: javaPackage.TestNGDemo6</td>
<td><div><pre>java.lang.Throwable: Method javaPackage.TestNGDemo6.b() on instance javaPackage.TestNGDemo6@2a5c8d3f depends on not successfully finished methods 
[javaPackage.TestNGDemo6.a() on instance javaPackage.TestNGDemo6@2a5c8d3f
javaPackage.TestNGDemo6.z() on instance javaPackage.TestNGDemo6@2a5c8d3f]
	at java.base/java.util.ArrayList.forEach(ArrayList.java:1511)
... Removed 18 stack frames</pre></div><a href='#' onClick='toggleBox("stack-trace2074492901", this, "Click to show all stack frames", "Click to hide stack frames")'>Click to show all stack frames</a>
<div class='stack-trace' id='stack-trace2074492901'><pre>java.lang.Throwable: Method javaPackage.TestNGDemo6.b() on instance javaPackage.TestNGDemo6@2a5c8d3f depends on not successfully finished methods 
[javaPackage.TestNGDemo6.a() on instance javaPackage.TestNGDemo6@2a5c8d3f
javaPackage.TestNGDemo6.z() on instance javaPackage.TestNGDemo6@2a5c8d3f]
	at org.testng.internal.invokers.TestInvoker.invokeTestMethods(TestInvoker.java:159)
	at org.testng.internal.invokers.TestMethodWorker.invokeTestMethods(TestMethodWorker.java:154)
	at org.testng.internal.invokers.TestMethodWorker.run(TestMethodWorker.java:134)
	at java.base/java.util.ArrayList.forEach(ArrayList.java:1511)
	at org.testng.TestRunner.privateRun(TestRunner.java:741)
	at org.testng.TestRunner.run(TestRunner.java:616)
	at org.testng.SuiteRunner.runTest(SuiteRunner.java:421)
	at org.testng.SuiteRunner.runSequentially(SuiteRunner.java:413)
	at org.testng.SuiteRunner.privateRun(SuiteRunner.java:373)
	at org.testng.SuiteRunner.run(SuiteRunner.java:312)
	at org.testng.SuiteRunnerWorker.runSuite(SuiteRunnerWorker.java:52)
	at org.testng.SuiteRunnerWorker.run(SuiteRunnerWorker.java:95)
	at org.testng.TestNG.runSuitesSequentially(TestNG.java:1274)
	at org.testng.TestNG.runSuitesLocally(TestNG.java:1208)
	at org.testng.TestNG.runSuites(TestNG.java:1112)
	at org.testng.TestNG.run(TestNG.java:1079)
	at org.testng.remote.AbstractRemoteTestNG.run(AbstractRemoteTestNG.java:115)
	at org.testng.remote.RemoteTestNG.initAndRun(RemoteTestNG.java:293)
	at org.testng.remote.RemoteTestNG.main(RemoteTestNG.java:91)
</pre></div></td>
<td>0</td>
<td>javaPackage.TestNGDemo6@2a5c8d3f</td></tr>
</table><p>
</body>
</html>