<?xml version="1.0" encoding="UTF-8"?>
<!-- Generated by org.testng.reporters.JUnitXMLReporter -->
<testsuite ignored="2" hostname="VAISHNAVSHEGALE" failures="2" tests="29" name="Test" time="32.68" errors="0" timestamp="2025-11-12T21:46:07 IST">
  <testcase classname="javaPackage.AssertionDemo1" name="TestCase1" time="3.814"/>
  <testcase classname="javaPackage.TestNGDemo8" name="enterData" time="6.566"/>
  <testcase classname="javaPackage.TestNGDemo8" name="enterData" time="6.558"/>
  <testcase classname="javaPackage.TestNGDemo8" name="enterData" time="6.616"/>
  <testcase classname="javaPackage.TestNGDemo7" name="a" time="0.005"/>
  <testcase classname="javaPackage.TestNGDemo7" name="b" time="0.003"/>
  <testcase classname="javaPackage.TestNGDemo7" name="c" time="0.004"/>
  <testcase classname="javaPackage.TestNGDemo7" name="d" time="0.003"/>
  <testcase classname="javaPackage.TakeScreenShotOnFailure2" name="doLogin" time="5.549">
    <failure type="org.openqa.selenium.NoSuchElementException" message="no such element: Unable to locate element: {&amp;quot;method&amp;quot;:&amp;quot;css selector&amp;quot;,&amp;quot;selector&amp;quot;:&amp;quot;#wrong\-email&amp;quot;}
  (Session info: chrome=142.0.7444.60)
For documentation on this error, please visit: https://www.seleniumhq.org/exceptions/no_such_element.html
Build info: version: &amp;apos;3.141.59&amp;apos;, revision: &amp;apos;e82be7d358&amp;apos;, time: &amp;apos;2018-11-14T08:25:48&amp;apos;
System info: host: &amp;apos;VAISHNAVSHEGALE&amp;apos;, ip: &amp;apos;192.168.160.1&amp;apos;, os.name: &amp;apos;Windows 11&amp;apos;, os.arch: &amp;apos;amd64&amp;apos;, os.version: &amp;apos;10.0&amp;apos;, java.version: &amp;apos;17.0.14&amp;apos;
Driver info: org.openqa.selenium.chrome.ChromeDriver
Capabilities {acceptInsecureCerts: false, browserName: chrome, browserVersion: 142.0.7444.60, chrome: {chromedriverVersion: 141.0.7390.78 (2b53b0e231fc..., userDataDir: C:\Users\VAISHN~1\AppData\L...}, fedcm:accounts: true, goog:chromeOptions: {debuggerAddress: localhost:57879}, javascriptEnabled: true, networkConnectionEnabled: false, pageLoadStrategy: normal, platform: WINDOWS, platformName: WINDOWS, proxy: Proxy(), setWindowRect: true, strictFileInteractability: false, timeouts: {implicit: 0, pageLoad: 300000, script: 30000}, unhandledPromptBehavior: dismiss and notify, webauthn:extension:credBlob: true, webauthn:extension:largeBlob: true, webauthn:extension:minPinLength: true, webauthn:extension:prf: true, webauthn:virtualAuthenticators: true}
Session ID: c6a9e593ef13be6deeb8d3a4f1064b2b
*** Element info: {Using=id, value=wrong-email}">
      <![CDATA[org.openqa.selenium.NoSuchElementException: no such element: Unable to locate element: {"method":"css selector","selector":"#wrong\-email"}
  (Session info: chrome=142.0.7444.60)
For documentation on this error, please visit: https://www.seleniumhq.org/exceptions/no_such_element.html
Build info: version: '3.141.59', revision: 'e82be7d358', time: '2018-11-14T08:25:48'
System info: host: 'VAISHNAVSHEGALE', ip: '192.168.160.1', os.name: 'Windows 11', os.arch: 'amd64', os.version: '10.0', java.version: '17.0.14'
Driver info: org.openqa.selenium.chrome.ChromeDriver
Capabilities {acceptInsecureCerts: false, browserName: chrome, browserVersion: 142.0.7444.60, chrome: {chromedriverVersion: 141.0.7390.78 (2b53b0e231fc..., userDataDir: C:\Users\VAISHN~1\AppData\L...}, fedcm:accounts: true, goog:chromeOptions: {debuggerAddress: localhost:57879}, javascriptEnabled: true, networkConnectionEnabled: false, pageLoadStrategy: normal, platform: WINDOWS, platformName: WINDOWS, proxy: Proxy(), setWindowRect: true, strictFileInteractability: false, timeouts: {implicit: 0, pageLoad: 300000, script: 30000}, unhandledPromptBehavior: dismiss and notify, webauthn:extension:credBlob: true, webauthn:extension:largeBlob: true, webauthn:extension:minPinLength: true, webauthn:extension:prf: true, webauthn:virtualAuthenticators: true}
Session ID: c6a9e593ef13be6deeb8d3a4f1064b2b
*** Element info: {Using=id, value=wrong-email}
at org.openqa.selenium.remote.http.W3CHttpResponseCodec.createException(W3CHttpResponseCodec.java:187)
at org.openqa.selenium.remote.http.W3CHttpResponseCodec.decode(W3CHttpResponseCodec.java:122)
at org.openqa.selenium.remote.http.W3CHttpResponseCodec.decode(W3CHttpResponseCodec.java:49)
at org.openqa.selenium.remote.HttpCommandExecutor.execute(HttpCommandExecutor.java:158)
at org.openqa.selenium.remote.service.DriverCommandExecutor.execute(DriverCommandExecutor.java:83)
at org.openqa.selenium.remote.RemoteWebDriver.execute(RemoteWebDriver.java:552)
at org.openqa.selenium.remote.RemoteWebDriver.findElement(RemoteWebDriver.java:323)
at org.openqa.selenium.remote.RemoteWebDriver.findElementById(RemoteWebDriver.java:372)
at org.openqa.selenium.By$ById.findElement(By.java:188)
at org.openqa.selenium.remote.RemoteWebDriver.findElement(RemoteWebDriver.java:315)
at javaPackage.TakeScreenShotOnFailure2.doLogin(TakeScreenShotOnFailure2.java:21)
at java.base/java.util.ArrayList.forEach(ArrayList.java:1511)
... Removed 32 stack frames]]>
    </failure>
  </testcase> <!-- doLogin -->
  <testcase classname="javaPackage.TestNGDemo6" name="a" time="0.034">
    <failure type="java.lang.AssertionError" message="expected [true] but found [false]">
      <![CDATA[java.lang.AssertionError: expected [true] but found [false]
at javaPackage.TestNGDemo6.a(TestNGDemo6.java:18)
at java.base/java.util.ArrayList.forEach(ArrayList.java:1511)
... Removed 31 stack frames]]>
    </failure>
  </testcase> <!-- a -->
  <testcase classname="javaPackage.TestNGDemo6" name="z" time="0.004"/>
  <testcase classname="javaPackage.TestNGDemo6" name="b" time="0.0">
    <skipped/>
  </testcase> <!-- b -->
  <testcase classname="javaPackage.TestNGDemo5" name="a" time="0.002"/>
  <testcase classname="javaPackage.TestNGDemo5" name="c" time="0.002"/>
  <testcase classname="javaPackage.TestNGDemo4" name="c" time="0.003"/>
  <testcase classname="javaPackage.TestNGDemo4" name="d" time="0.002"/>
  <testcase classname="javaPackage.TestNGDemo4" name="d" time="0.003"/>
  <testcase classname="javaPackage.TestNGDemo4" name="f" time="0.002"/>
  <testcase classname="javaPackage.TestNGDemo3" name="a" time="0.002"/>
  <testcase classname="javaPackage.TestNGDemo3" name="c" time="0.002"/>
  <testcase classname="javaPackage.TestNGDemo3" name="d" time="0.004"/>
  <testcase classname="javaPackage.TestNGDemo3" name="b" time="0.002"/>
  <testcase classname="javaPackage.TestNGDemo2" name="j" time="0.003"/>
  <testcase classname="javaPackage.TestNGDemo2" name="z" time="0.002"/>
  <testcase classname="javaPackage.TestNGDemo2" name="m" time="0.002"/>
  <testcase classname="javaPackage.TestNGDemo2" name="p" time="0.003"/>
  <testcase classname="javaPackage.TestNGDemo1" name="test" time="0.003"/>
  <testcase classname="javaPackage.TestNGDemo1" name="test1" time="0.004"/>
  <testcase classname="javaPackage.TestNGDemo1" name="test2" time="0.002"/>
  <testcase classname="javaPackage.TestNGDemo4" name="b" time="0.0">
    <ignored/>
  </testcase> <!-- b -->
  <testcase classname="javaPackage.TestNGDemo5" name="b" time="0.0">
    <ignored/>
  </testcase> <!-- b -->
</testsuite> <!-- Test -->
