<?xml version="1.0" encoding="UTF-8"?>
<!-- Generated by org.testng.reporters.JUnitXMLReporter -->
<testsuite ignored="0" hostname="VAISHNAVSHEGALE" failures="0" tests="3" name="Test(failed)(failed)(failed)" time="0.133" errors="0" timestamp="2025-11-07T19:52:52 IST">
  <testcase classname="javaPackage.TestNGDemo6" name="a" time="0.014"/>
  <testcase classname="javaPackage.TestNGDemo6" name="z" time="0.003"/>
  <testcase classname="javaPackage.TestNGDemo6" name="b" time="0.007"/>
</testsuite> <!-- Test(failed)(failed)(failed) -->
